2024-02-24 00:22:18,823 - pyswarms.single.global_best - INFO - Optimize for 100 iters with {'c1': 2.0, 'c2': 2.0, 'w': 0.9}
2024-02-24 00:22:36,214 - pyswarms.single.global_best - INFO - Optimize for 100 iters with {'c1': 2.0, 'c2': 2.0, 'w': 0.9}
2024-02-24 00:23:52,809 - pyswarms.single.global_best - INFO - Optimize for 100 iters with {'c1': 2.0, 'c2': 2.0, 'w': 0.9}
2024-02-24 00:24:29,476 - pyswarms.single.global_best - INFO - Optimize for 1 iters with {'c1': 2.0, 'c2': 2.0, 'w': 0.9}
2024-02-24 00:25:12,254 - pyswarms.single.global_best - INFO - Optimization finished | best cost: -0.8583037074657186, best pos: [92.55415127]
2024-02-24 00:36:21,005 - pyswarms.single.global_best - INFO - Optimize for 100 iters with {'c1': 2.0, 'c2': 2.0, 'w': 0.9, 'k': 20, 'p': 2}
2024-02-24 00:39:35,361 - pyswarms.backend.generators - ERROR - Bounds and/or init_pos should be of size (1,)
Traceback (most recent call last):
  File "C:\Users\krist\anaconda3\Lib\site-packages\pyswarms\backend\generators.py", line 81, in generate_swarm
    pos = center * np.random.uniform(
                   ^^^^^^^^^^^^^^^^^^
  File "mtrand.pyx", line 1154, in numpy.random.mtrand.RandomState.uniform
  File "_common.pyx", line 600, in numpy.random._common.cont
  File "_common.pyx", line 518, in numpy.random._common.cont_broadcast_2
  File "_common.pyx", line 245, in numpy.random._common.validate_output_shape
ValueError: Output size (15, 1) is not compatible with broadcast dimensions of inputs (15, 2).
2024-02-24 00:39:39,889 - pyswarms.single.global_best - INFO - Optimize for 100 iters with {'c1': 2.0, 'c2': 2.0, 'w': 0.9, 'k': 20, 'p': 2}
2024-02-24 00:39:54,347 - pyswarms.single.global_best - INFO - Optimize for 100 iters with {'c1': 2.0, 'c2': 2.0, 'w': 0.9, 'k': 20, 'p': 2}
2024-02-24 00:40:17,849 - pyswarms.single.global_best - INFO - Optimize for 100 iters with {'c1': 2.0, 'c2': 2.0, 'w': 0.9, 'k': 20, 'p': 2}
2024-02-24 00:40:45,350 - pyswarms.backend.generators - ERROR - Bounds and/or init_pos should be of size (1,)
Traceback (most recent call last):
  File "C:\Users\krist\anaconda3\Lib\site-packages\pyswarms\backend\generators.py", line 81, in generate_swarm
    pos = center * np.random.uniform(
                   ^^^^^^^^^^^^^^^^^^
  File "mtrand.pyx", line 1154, in numpy.random.mtrand.RandomState.uniform
  File "_common.pyx", line 600, in numpy.random._common.cont
  File "_common.pyx", line 518, in numpy.random._common.cont_broadcast_2
  File "_common.pyx", line 245, in numpy.random._common.validate_output_shape
ValueError: Output size (15, 1) is not compatible with broadcast dimensions of inputs (15, 2).
2024-02-24 00:41:06,114 - pyswarms.single.global_best - INFO - Optimize for 100 iters with {'c1': 2.0, 'c2': 2.0, 'w': 0.9, 'k': 20, 'p': 2}
2024-02-24 00:41:16,594 - pyswarms.single.global_best - INFO - Optimize for 100 iters with {'c1': 2.0, 'c2': 2.0, 'w': 0.9, 'k': 20, 'p': 2}
2024-02-24 00:41:23,466 - pyswarms.single.global_best - INFO - Optimize for 100 iters with {'c1': 2.0, 'c2': 2.0, 'w': 0.9, 'k': 20, 'p': 2}
2024-02-24 00:41:40,633 - pyswarms.backend.generators - ERROR - Bounds and/or init_pos should be of size (1,)
Traceback (most recent call last):
  File "C:\Users\krist\anaconda3\Lib\site-packages\pyswarms\backend\generators.py", line 81, in generate_swarm
    pos = center * np.random.uniform(
                   ^^^^^^^^^^^^^^^^^^
  File "mtrand.pyx", line 1154, in numpy.random.mtrand.RandomState.uniform
  File "_common.pyx", line 600, in numpy.random._common.cont
  File "_common.pyx", line 518, in numpy.random._common.cont_broadcast_2
  File "_common.pyx", line 245, in numpy.random._common.validate_output_shape
ValueError: Output size (15, 1) is not compatible with broadcast dimensions of inputs (15, 2).
2024-02-24 00:41:45,001 - pyswarms.backend.generators - ERROR - Bounds and/or init_pos should be of size (1,)
Traceback (most recent call last):
  File "C:\Users\krist\anaconda3\Lib\site-packages\pyswarms\backend\generators.py", line 81, in generate_swarm
    pos = center * np.random.uniform(
                   ^^^^^^^^^^^^^^^^^^
  File "mtrand.pyx", line 1154, in numpy.random.mtrand.RandomState.uniform
  File "_common.pyx", line 600, in numpy.random._common.cont
  File "_common.pyx", line 518, in numpy.random._common.cont_broadcast_2
  File "_common.pyx", line 245, in numpy.random._common.validate_output_shape
ValueError: Output size (15, 1) is not compatible with broadcast dimensions of inputs (15, 2).
2024-02-24 00:42:00,004 - pyswarms.single.global_best - INFO - Optimize for 100 iters with {'c1': 2.0, 'c2': 2.0, 'w': 0.9, 'k': 20, 'p': 2}
2024-02-24 00:50:19,081 - pyswarms.single.global_best - INFO - Optimize for 100 iters with {'c1': 2.0, 'c2': 2.0, 'w': 0.9, 'k': 20, 'p': 2}
2024-02-24 00:50:19,408 - tensorflow - WARNING - From C:\Users\krist\anaconda3\Lib\site-packages\keras\src\backend.py:873: The name tf.get_default_graph is deprecated. Please use tf.compat.v1.get_default_graph instead.

2024-02-24 00:50:19,643 - tensorflow - WARNING - From C:\Users\krist\anaconda3\Lib\site-packages\keras\src\optimizers\__init__.py:309: The name tf.train.Optimizer is deprecated. Please use tf.compat.v1.train.Optimizer instead.

2024-02-24 00:50:19,977 - tensorflow - WARNING - From C:\Users\krist\anaconda3\Lib\site-packages\keras\src\utils\tf_utils.py:492: The name tf.ragged.RaggedTensorValue is deprecated. Please use tf.compat.v1.ragged.RaggedTensorValue instead.

2024-02-24 00:50:20,672 - tensorflow - WARNING - From C:\Users\krist\anaconda3\Lib\site-packages\keras\src\engine\base_layer_utils.py:384: The name tf.executing_eagerly_outside_functions is deprecated. Please use tf.compat.v1.executing_eagerly_outside_functions instead.

2024-02-24 02:38:19,764 - pyswarms.single.global_best - INFO - Optimization finished | best cost: -0.8623666835957339, best pos: [163.58846843]
2024-02-24 14:41:47,669 - pyswarms.single.global_best - INFO - Optimize for 50 iters with {'c1': 2.0, 'c2': 2.0, 'w': 0.9, 'k': 20, 'p': 2}
2024-02-24 14:41:47,996 - tensorflow - WARNING - From C:\Users\krist\anaconda3\Lib\site-packages\keras\src\backend.py:873: The name tf.get_default_graph is deprecated. Please use tf.compat.v1.get_default_graph instead.

2024-02-24 14:41:48,250 - tensorflow - WARNING - From C:\Users\krist\anaconda3\Lib\site-packages\keras\src\optimizers\__init__.py:309: The name tf.train.Optimizer is deprecated. Please use tf.compat.v1.train.Optimizer instead.

2024-02-24 14:41:48,590 - tensorflow - WARNING - From C:\Users\krist\anaconda3\Lib\site-packages\keras\src\utils\tf_utils.py:492: The name tf.ragged.RaggedTensorValue is deprecated. Please use tf.compat.v1.ragged.RaggedTensorValue instead.

2024-02-24 14:41:49,274 - tensorflow - WARNING - From C:\Users\krist\anaconda3\Lib\site-packages\keras\src\engine\base_layer_utils.py:384: The name tf.executing_eagerly_outside_functions is deprecated. Please use tf.compat.v1.executing_eagerly_outside_functions instead.

2024-02-24 14:47:49,256 - pyswarms.single.global_best - INFO - Optimize for 50 iters with {'c1': 2.0, 'c2': 2.0, 'w': 0.9, 'k': 20, 'p': 2}
2024-02-24 14:49:21,046 - pyswarms.single.global_best - INFO - Optimize for 50 iters with {'c1': 2.0, 'c2': 2.0, 'w': 0.9, 'k': 20, 'p': 2}
2024-02-24 14:49:21,210 - tensorflow - WARNING - From C:\Users\krist\anaconda3\Lib\site-packages\keras\src\backend.py:873: The name tf.get_default_graph is deprecated. Please use tf.compat.v1.get_default_graph instead.

2024-02-24 14:49:21,581 - tensorflow - WARNING - From C:\Users\krist\anaconda3\Lib\site-packages\keras\src\optimizers\__init__.py:309: The name tf.train.Optimizer is deprecated. Please use tf.compat.v1.train.Optimizer instead.

2024-02-24 14:49:21,895 - tensorflow - WARNING - From C:\Users\krist\anaconda3\Lib\site-packages\keras\src\utils\tf_utils.py:492: The name tf.ragged.RaggedTensorValue is deprecated. Please use tf.compat.v1.ragged.RaggedTensorValue instead.

2024-02-24 14:49:22,551 - tensorflow - WARNING - From C:\Users\krist\anaconda3\Lib\site-packages\keras\src\engine\base_layer_utils.py:384: The name tf.executing_eagerly_outside_functions is deprecated. Please use tf.compat.v1.executing_eagerly_outside_functions instead.

2024-02-24 15:12:45,948 - pyswarms.single.global_best - INFO - Optimization finished | best cost: -0.8557643473844592, best pos: [162.73907485]
2024-03-02 03:37:31,949 - tensorflow - WARNING - From C:\Users\krist\anaconda3\Lib\site-packages\keras\src\backend.py:873: The name tf.get_default_graph is deprecated. Please use tf.compat.v1.get_default_graph instead.

2024-03-02 03:43:38,187 - tensorflow - WARNING - From C:\Users\krist\anaconda3\Lib\site-packages\keras\src\optimizers\__init__.py:309: The name tf.train.Optimizer is deprecated. Please use tf.compat.v1.train.Optimizer instead.

2024-03-02 03:43:38,657 - tensorflow - WARNING - From C:\Users\krist\anaconda3\Lib\site-packages\keras\src\utils\tf_utils.py:492: The name tf.ragged.RaggedTensorValue is deprecated. Please use tf.compat.v1.ragged.RaggedTensorValue instead.

2024-03-02 03:43:39,003 - tensorflow - WARNING - From C:\Users\krist\anaconda3\Lib\site-packages\keras\src\engine\base_layer_utils.py:384: The name tf.executing_eagerly_outside_functions is deprecated. Please use tf.compat.v1.executing_eagerly_outside_functions instead.

2024-03-02 03:47:05,987 - absl - WARNING - `lr` is deprecated in Keras optimizer, please use `learning_rate` or use the legacy optimizer, e.g.,tf.keras.optimizers.legacy.Adam.
2024-03-02 03:47:35,462 - absl - WARNING - `lr` is deprecated in Keras optimizer, please use `learning_rate` or use the legacy optimizer, e.g.,tf.keras.optimizers.legacy.Adam.
2024-03-02 03:47:59,718 - absl - WARNING - `lr` is deprecated in Keras optimizer, please use `learning_rate` or use the legacy optimizer, e.g.,tf.keras.optimizers.legacy.Adam.
2024-03-02 03:48:26,324 - absl - WARNING - `lr` is deprecated in Keras optimizer, please use `learning_rate` or use the legacy optimizer, e.g.,tf.keras.optimizers.legacy.Adam.
2024-03-02 03:48:49,430 - absl - WARNING - `lr` is deprecated in Keras optimizer, please use `learning_rate` or use the legacy optimizer, e.g.,tf.keras.optimizers.legacy.Adam.
2024-03-02 03:49:17,593 - absl - WARNING - `lr` is deprecated in Keras optimizer, please use `learning_rate` or use the legacy optimizer, e.g.,tf.keras.optimizers.legacy.Adam.
2024-03-02 03:49:51,949 - absl - WARNING - `lr` is deprecated in Keras optimizer, please use `learning_rate` or use the legacy optimizer, e.g.,tf.keras.optimizers.legacy.Adam.
2024-03-02 03:50:16,284 - absl - WARNING - `lr` is deprecated in Keras optimizer, please use `learning_rate` or use the legacy optimizer, e.g.,tf.keras.optimizers.legacy.Adam.
2024-03-02 03:50:55,506 - absl - WARNING - `lr` is deprecated in Keras optimizer, please use `learning_rate` or use the legacy optimizer, e.g.,tf.keras.optimizers.legacy.Adam.
2024-03-02 03:51:23,280 - absl - WARNING - `lr` is deprecated in Keras optimizer, please use `learning_rate` or use the legacy optimizer, e.g.,tf.keras.optimizers.legacy.Adam.
2024-03-02 03:51:55,574 - absl - WARNING - `lr` is deprecated in Keras optimizer, please use `learning_rate` or use the legacy optimizer, e.g.,tf.keras.optimizers.legacy.Adam.
2024-03-02 03:52:25,737 - absl - WARNING - `lr` is deprecated in Keras optimizer, please use `learning_rate` or use the legacy optimizer, e.g.,tf.keras.optimizers.legacy.Adam.
2024-03-02 03:52:51,464 - absl - WARNING - `lr` is deprecated in Keras optimizer, please use `learning_rate` or use the legacy optimizer, e.g.,tf.keras.optimizers.legacy.Adam.
2024-03-02 03:53:20,248 - absl - WARNING - `lr` is deprecated in Keras optimizer, please use `learning_rate` or use the legacy optimizer, e.g.,tf.keras.optimizers.legacy.Adam.
2024-03-02 03:53:46,445 - absl - WARNING - `lr` is deprecated in Keras optimizer, please use `learning_rate` or use the legacy optimizer, e.g.,tf.keras.optimizers.legacy.Adam.
2024-03-02 03:54:18,416 - absl - WARNING - `lr` is deprecated in Keras optimizer, please use `learning_rate` or use the legacy optimizer, e.g.,tf.keras.optimizers.legacy.Adam.
2024-03-02 03:55:01,733 - absl - WARNING - `lr` is deprecated in Keras optimizer, please use `learning_rate` or use the legacy optimizer, e.g.,tf.keras.optimizers.legacy.Adam.
2024-03-02 03:55:35,195 - absl - WARNING - `lr` is deprecated in Keras optimizer, please use `learning_rate` or use the legacy optimizer, e.g.,tf.keras.optimizers.legacy.Adam.
2024-03-02 03:56:15,557 - absl - WARNING - `lr` is deprecated in Keras optimizer, please use `learning_rate` or use the legacy optimizer, e.g.,tf.keras.optimizers.legacy.Adam.
2024-03-02 03:56:39,563 - absl - WARNING - `lr` is deprecated in Keras optimizer, please use `learning_rate` or use the legacy optimizer, e.g.,tf.keras.optimizers.legacy.Adam.
2024-03-02 03:57:04,936 - absl - WARNING - `lr` is deprecated in Keras optimizer, please use `learning_rate` or use the legacy optimizer, e.g.,tf.keras.optimizers.legacy.Adam.
2024-03-02 03:57:31,678 - absl - WARNING - `lr` is deprecated in Keras optimizer, please use `learning_rate` or use the legacy optimizer, e.g.,tf.keras.optimizers.legacy.Adam.
2024-03-02 03:57:55,753 - absl - WARNING - `lr` is deprecated in Keras optimizer, please use `learning_rate` or use the legacy optimizer, e.g.,tf.keras.optimizers.legacy.Adam.
2024-03-02 03:58:20,422 - absl - WARNING - `lr` is deprecated in Keras optimizer, please use `learning_rate` or use the legacy optimizer, e.g.,tf.keras.optimizers.legacy.Adam.
2024-03-02 03:58:44,960 - absl - WARNING - `lr` is deprecated in Keras optimizer, please use `learning_rate` or use the legacy optimizer, e.g.,tf.keras.optimizers.legacy.Adam.
2024-03-02 03:59:18,526 - absl - WARNING - `lr` is deprecated in Keras optimizer, please use `learning_rate` or use the legacy optimizer, e.g.,tf.keras.optimizers.legacy.Adam.
2024-03-02 04:00:01,347 - absl - WARNING - `lr` is deprecated in Keras optimizer, please use `learning_rate` or use the legacy optimizer, e.g.,tf.keras.optimizers.legacy.Adam.
2024-03-02 04:00:42,428 - absl - WARNING - `lr` is deprecated in Keras optimizer, please use `learning_rate` or use the legacy optimizer, e.g.,tf.keras.optimizers.legacy.Adam.
2024-03-02 04:01:18,900 - absl - WARNING - `lr` is deprecated in Keras optimizer, please use `learning_rate` or use the legacy optimizer, e.g.,tf.keras.optimizers.legacy.Adam.
2024-03-02 04:01:43,098 - absl - WARNING - `lr` is deprecated in Keras optimizer, please use `learning_rate` or use the legacy optimizer, e.g.,tf.keras.optimizers.legacy.Adam.
2024-03-02 04:02:07,928 - absl - WARNING - `lr` is deprecated in Keras optimizer, please use `learning_rate` or use the legacy optimizer, e.g.,tf.keras.optimizers.legacy.Adam.
2024-03-02 04:02:35,574 - absl - WARNING - `lr` is deprecated in Keras optimizer, please use `learning_rate` or use the legacy optimizer, e.g.,tf.keras.optimizers.legacy.Adam.
2024-03-02 04:03:01,636 - absl - WARNING - `lr` is deprecated in Keras optimizer, please use `learning_rate` or use the legacy optimizer, e.g.,tf.keras.optimizers.legacy.Adam.
2024-03-02 04:03:25,102 - absl - WARNING - `lr` is deprecated in Keras optimizer, please use `learning_rate` or use the legacy optimizer, e.g.,tf.keras.optimizers.legacy.Adam.
2024-03-02 04:03:50,242 - absl - WARNING - `lr` is deprecated in Keras optimizer, please use `learning_rate` or use the legacy optimizer, e.g.,tf.keras.optimizers.legacy.Adam.
2024-03-02 04:04:22,961 - absl - WARNING - `lr` is deprecated in Keras optimizer, please use `learning_rate` or use the legacy optimizer, e.g.,tf.keras.optimizers.legacy.Adam.
2024-03-02 04:05:02,820 - absl - WARNING - `lr` is deprecated in Keras optimizer, please use `learning_rate` or use the legacy optimizer, e.g.,tf.keras.optimizers.legacy.Adam.
2024-03-02 04:05:43,693 - absl - WARNING - `lr` is deprecated in Keras optimizer, please use `learning_rate` or use the legacy optimizer, e.g.,tf.keras.optimizers.legacy.Adam.
2024-03-02 04:06:20,983 - absl - WARNING - `lr` is deprecated in Keras optimizer, please use `learning_rate` or use the legacy optimizer, e.g.,tf.keras.optimizers.legacy.Adam.
2024-03-02 04:06:48,202 - absl - WARNING - `lr` is deprecated in Keras optimizer, please use `learning_rate` or use the legacy optimizer, e.g.,tf.keras.optimizers.legacy.Adam.
2024-03-02 04:07:18,814 - absl - WARNING - `lr` is deprecated in Keras optimizer, please use `learning_rate` or use the legacy optimizer, e.g.,tf.keras.optimizers.legacy.Adam.
2024-03-02 04:07:50,142 - absl - WARNING - `lr` is deprecated in Keras optimizer, please use `learning_rate` or use the legacy optimizer, e.g.,tf.keras.optimizers.legacy.Adam.
2024-03-02 04:08:16,942 - absl - WARNING - `lr` is deprecated in Keras optimizer, please use `learning_rate` or use the legacy optimizer, e.g.,tf.keras.optimizers.legacy.Adam.
2024-03-02 04:08:45,048 - absl - WARNING - `lr` is deprecated in Keras optimizer, please use `learning_rate` or use the legacy optimizer, e.g.,tf.keras.optimizers.legacy.Adam.
2024-03-02 04:09:12,892 - absl - WARNING - `lr` is deprecated in Keras optimizer, please use `learning_rate` or use the legacy optimizer, e.g.,tf.keras.optimizers.legacy.Adam.
2024-03-02 04:09:47,256 - absl - WARNING - `lr` is deprecated in Keras optimizer, please use `learning_rate` or use the legacy optimizer, e.g.,tf.keras.optimizers.legacy.Adam.
2024-03-02 04:10:29,126 - absl - WARNING - `lr` is deprecated in Keras optimizer, please use `learning_rate` or use the legacy optimizer, e.g.,tf.keras.optimizers.legacy.Adam.
2024-03-02 04:11:06,608 - absl - WARNING - `lr` is deprecated in Keras optimizer, please use `learning_rate` or use the legacy optimizer, e.g.,tf.keras.optimizers.legacy.Adam.
2024-03-02 04:11:43,161 - absl - WARNING - `lr` is deprecated in Keras optimizer, please use `learning_rate` or use the legacy optimizer, e.g.,tf.keras.optimizers.legacy.Adam.
2024-03-02 04:12:12,484 - absl - WARNING - `lr` is deprecated in Keras optimizer, please use `learning_rate` or use the legacy optimizer, e.g.,tf.keras.optimizers.legacy.Adam.
2024-03-02 04:12:44,648 - absl - WARNING - `lr` is deprecated in Keras optimizer, please use `learning_rate` or use the legacy optimizer, e.g.,tf.keras.optimizers.legacy.Adam.
2024-03-02 04:13:17,543 - absl - WARNING - `lr` is deprecated in Keras optimizer, please use `learning_rate` or use the legacy optimizer, e.g.,tf.keras.optimizers.legacy.Adam.
2024-03-02 04:13:48,348 - absl - WARNING - `lr` is deprecated in Keras optimizer, please use `learning_rate` or use the legacy optimizer, e.g.,tf.keras.optimizers.legacy.Adam.
2024-03-02 04:14:16,461 - absl - WARNING - `lr` is deprecated in Keras optimizer, please use `learning_rate` or use the legacy optimizer, e.g.,tf.keras.optimizers.legacy.Adam.
2024-03-02 04:14:45,863 - absl - WARNING - `lr` is deprecated in Keras optimizer, please use `learning_rate` or use the legacy optimizer, e.g.,tf.keras.optimizers.legacy.Adam.
2024-03-02 04:15:19,339 - absl - WARNING - `lr` is deprecated in Keras optimizer, please use `learning_rate` or use the legacy optimizer, e.g.,tf.keras.optimizers.legacy.Adam.
2024-03-02 04:15:54,275 - absl - WARNING - `lr` is deprecated in Keras optimizer, please use `learning_rate` or use the legacy optimizer, e.g.,tf.keras.optimizers.legacy.Adam.
2024-03-02 04:16:25,720 - absl - WARNING - `lr` is deprecated in Keras optimizer, please use `learning_rate` or use the legacy optimizer, e.g.,tf.keras.optimizers.legacy.Adam.
2024-03-02 04:17:01,602 - absl - WARNING - `lr` is deprecated in Keras optimizer, please use `learning_rate` or use the legacy optimizer, e.g.,tf.keras.optimizers.legacy.Adam.
2024-03-02 04:17:32,279 - absl - WARNING - `lr` is deprecated in Keras optimizer, please use `learning_rate` or use the legacy optimizer, e.g.,tf.keras.optimizers.legacy.Adam.
2024-03-02 04:18:02,911 - absl - WARNING - `lr` is deprecated in Keras optimizer, please use `learning_rate` or use the legacy optimizer, e.g.,tf.keras.optimizers.legacy.Adam.
2024-03-02 04:18:34,182 - absl - WARNING - `lr` is deprecated in Keras optimizer, please use `learning_rate` or use the legacy optimizer, e.g.,tf.keras.optimizers.legacy.Adam.
2024-03-02 04:19:07,163 - absl - WARNING - `lr` is deprecated in Keras optimizer, please use `learning_rate` or use the legacy optimizer, e.g.,tf.keras.optimizers.legacy.Adam.
2024-03-02 04:19:36,428 - absl - WARNING - `lr` is deprecated in Keras optimizer, please use `learning_rate` or use the legacy optimizer, e.g.,tf.keras.optimizers.legacy.Adam.
2024-03-02 04:20:07,213 - absl - WARNING - `lr` is deprecated in Keras optimizer, please use `learning_rate` or use the legacy optimizer, e.g.,tf.keras.optimizers.legacy.Adam.
2024-03-02 04:20:42,282 - absl - WARNING - `lr` is deprecated in Keras optimizer, please use `learning_rate` or use the legacy optimizer, e.g.,tf.keras.optimizers.legacy.Adam.
2024-03-02 04:21:25,252 - absl - WARNING - `lr` is deprecated in Keras optimizer, please use `learning_rate` or use the legacy optimizer, e.g.,tf.keras.optimizers.legacy.Adam.
2024-03-02 04:21:59,535 - absl - WARNING - `lr` is deprecated in Keras optimizer, please use `learning_rate` or use the legacy optimizer, e.g.,tf.keras.optimizers.legacy.Adam.
2024-03-02 04:22:35,110 - absl - WARNING - `lr` is deprecated in Keras optimizer, please use `learning_rate` or use the legacy optimizer, e.g.,tf.keras.optimizers.legacy.Adam.
2024-03-02 04:23:04,590 - absl - WARNING - `lr` is deprecated in Keras optimizer, please use `learning_rate` or use the legacy optimizer, e.g.,tf.keras.optimizers.legacy.Adam.
2024-03-02 04:23:32,561 - absl - WARNING - `lr` is deprecated in Keras optimizer, please use `learning_rate` or use the legacy optimizer, e.g.,tf.keras.optimizers.legacy.Adam.
2024-03-02 04:24:01,644 - absl - WARNING - `lr` is deprecated in Keras optimizer, please use `learning_rate` or use the legacy optimizer, e.g.,tf.keras.optimizers.legacy.Adam.
2024-03-02 04:24:31,379 - absl - WARNING - `lr` is deprecated in Keras optimizer, please use `learning_rate` or use the legacy optimizer, e.g.,tf.keras.optimizers.legacy.Adam.
2024-03-02 04:25:00,255 - absl - WARNING - `lr` is deprecated in Keras optimizer, please use `learning_rate` or use the legacy optimizer, e.g.,tf.keras.optimizers.legacy.Adam.
2024-03-02 04:25:31,139 - absl - WARNING - `lr` is deprecated in Keras optimizer, please use `learning_rate` or use the legacy optimizer, e.g.,tf.keras.optimizers.legacy.Adam.
2024-03-02 04:26:04,870 - absl - WARNING - `lr` is deprecated in Keras optimizer, please use `learning_rate` or use the legacy optimizer, e.g.,tf.keras.optimizers.legacy.Adam.
2024-03-02 04:26:39,049 - absl - WARNING - `lr` is deprecated in Keras optimizer, please use `learning_rate` or use the legacy optimizer, e.g.,tf.keras.optimizers.legacy.Adam.
2024-03-02 04:27:09,029 - absl - WARNING - `lr` is deprecated in Keras optimizer, please use `learning_rate` or use the legacy optimizer, e.g.,tf.keras.optimizers.legacy.Adam.
2024-03-02 04:27:43,772 - absl - WARNING - `lr` is deprecated in Keras optimizer, please use `learning_rate` or use the legacy optimizer, e.g.,tf.keras.optimizers.legacy.Adam.
2024-03-02 04:28:14,188 - absl - WARNING - `lr` is deprecated in Keras optimizer, please use `learning_rate` or use the legacy optimizer, e.g.,tf.keras.optimizers.legacy.Adam.
2024-03-02 04:28:43,731 - absl - WARNING - `lr` is deprecated in Keras optimizer, please use `learning_rate` or use the legacy optimizer, e.g.,tf.keras.optimizers.legacy.Adam.
2024-03-02 04:29:13,719 - absl - WARNING - `lr` is deprecated in Keras optimizer, please use `learning_rate` or use the legacy optimizer, e.g.,tf.keras.optimizers.legacy.Adam.
2024-03-02 04:29:42,818 - absl - WARNING - `lr` is deprecated in Keras optimizer, please use `learning_rate` or use the legacy optimizer, e.g.,tf.keras.optimizers.legacy.Adam.
2024-03-02 04:30:13,791 - absl - WARNING - `lr` is deprecated in Keras optimizer, please use `learning_rate` or use the legacy optimizer, e.g.,tf.keras.optimizers.legacy.Adam.
2024-03-02 04:30:45,210 - absl - WARNING - `lr` is deprecated in Keras optimizer, please use `learning_rate` or use the legacy optimizer, e.g.,tf.keras.optimizers.legacy.Adam.
2024-03-02 04:31:19,458 - absl - WARNING - `lr` is deprecated in Keras optimizer, please use `learning_rate` or use the legacy optimizer, e.g.,tf.keras.optimizers.legacy.Adam.
2024-03-02 04:31:55,823 - absl - WARNING - `lr` is deprecated in Keras optimizer, please use `learning_rate` or use the legacy optimizer, e.g.,tf.keras.optimizers.legacy.Adam.
2024-03-02 04:32:25,615 - absl - WARNING - `lr` is deprecated in Keras optimizer, please use `learning_rate` or use the legacy optimizer, e.g.,tf.keras.optimizers.legacy.Adam.
2024-03-02 04:33:02,665 - absl - WARNING - `lr` is deprecated in Keras optimizer, please use `learning_rate` or use the legacy optimizer, e.g.,tf.keras.optimizers.legacy.Adam.
2024-03-02 04:33:33,529 - absl - WARNING - `lr` is deprecated in Keras optimizer, please use `learning_rate` or use the legacy optimizer, e.g.,tf.keras.optimizers.legacy.Adam.
2024-03-02 04:34:03,521 - absl - WARNING - `lr` is deprecated in Keras optimizer, please use `learning_rate` or use the legacy optimizer, e.g.,tf.keras.optimizers.legacy.Adam.
2024-03-02 04:34:32,022 - absl - WARNING - `lr` is deprecated in Keras optimizer, please use `learning_rate` or use the legacy optimizer, e.g.,tf.keras.optimizers.legacy.Adam.
2024-03-02 04:34:58,915 - absl - WARNING - `lr` is deprecated in Keras optimizer, please use `learning_rate` or use the legacy optimizer, e.g.,tf.keras.optimizers.legacy.Adam.
2024-03-02 04:35:28,453 - absl - WARNING - `lr` is deprecated in Keras optimizer, please use `learning_rate` or use the legacy optimizer, e.g.,tf.keras.optimizers.legacy.Adam.
2024-03-02 04:35:57,959 - absl - WARNING - `lr` is deprecated in Keras optimizer, please use `learning_rate` or use the legacy optimizer, e.g.,tf.keras.optimizers.legacy.Adam.
2024-03-02 04:36:27,721 - absl - WARNING - `lr` is deprecated in Keras optimizer, please use `learning_rate` or use the legacy optimizer, e.g.,tf.keras.optimizers.legacy.Adam.
2024-03-02 04:37:01,032 - absl - WARNING - `lr` is deprecated in Keras optimizer, please use `learning_rate` or use the legacy optimizer, e.g.,tf.keras.optimizers.legacy.Adam.
2024-03-02 04:37:30,534 - absl - WARNING - `lr` is deprecated in Keras optimizer, please use `learning_rate` or use the legacy optimizer, e.g.,tf.keras.optimizers.legacy.Adam.
2024-03-02 04:38:03,654 - absl - WARNING - `lr` is deprecated in Keras optimizer, please use `learning_rate` or use the legacy optimizer, e.g.,tf.keras.optimizers.legacy.Adam.
2024-03-02 04:38:34,561 - absl - WARNING - `lr` is deprecated in Keras optimizer, please use `learning_rate` or use the legacy optimizer, e.g.,tf.keras.optimizers.legacy.Adam.
2024-03-02 04:39:04,776 - absl - WARNING - `lr` is deprecated in Keras optimizer, please use `learning_rate` or use the legacy optimizer, e.g.,tf.keras.optimizers.legacy.Adam.
2024-03-02 04:39:32,600 - absl - WARNING - `lr` is deprecated in Keras optimizer, please use `learning_rate` or use the legacy optimizer, e.g.,tf.keras.optimizers.legacy.Adam.
2024-03-02 04:39:58,770 - absl - WARNING - `lr` is deprecated in Keras optimizer, please use `learning_rate` or use the legacy optimizer, e.g.,tf.keras.optimizers.legacy.Adam.
2024-03-02 04:40:28,637 - absl - WARNING - `lr` is deprecated in Keras optimizer, please use `learning_rate` or use the legacy optimizer, e.g.,tf.keras.optimizers.legacy.Adam.
2024-03-02 04:45:00,722 - tensorflow - WARNING - From C:\Users\krist\anaconda3\Lib\site-packages\keras\src\backend.py:873: The name tf.get_default_graph is deprecated. Please use tf.compat.v1.get_default_graph instead.

2024-03-02 15:35:47,093 - tensorflow - WARNING - From C:\Users\krist\anaconda3\Lib\site-packages\keras\src\backend.py:873: The name tf.get_default_graph is deprecated. Please use tf.compat.v1.get_default_graph instead.

2024-03-02 15:35:47,407 - tensorflow - WARNING - From C:\Users\krist\anaconda3\Lib\site-packages\keras\src\optimizers\__init__.py:309: The name tf.train.Optimizer is deprecated. Please use tf.compat.v1.train.Optimizer instead.

2024-03-02 15:35:47,974 - tensorflow - WARNING - From C:\Users\krist\anaconda3\Lib\site-packages\keras\src\utils\tf_utils.py:492: The name tf.ragged.RaggedTensorValue is deprecated. Please use tf.compat.v1.ragged.RaggedTensorValue instead.

2024-03-02 15:35:48,628 - tensorflow - WARNING - From C:\Users\krist\anaconda3\Lib\site-packages\keras\src\engine\base_layer_utils.py:384: The name tf.executing_eagerly_outside_functions is deprecated. Please use tf.compat.v1.executing_eagerly_outside_functions instead.

2024-03-02 15:36:01,687 - tensorflow - WARNING - Early stopping conditioned on metric `val_loss` which is not available. Available metrics are: loss,accuracy
2024-03-02 15:36:12,767 - tensorflow - WARNING - Early stopping conditioned on metric `val_loss` which is not available. Available metrics are: loss,accuracy
2024-03-02 15:36:23,687 - tensorflow - WARNING - Early stopping conditioned on metric `val_loss` which is not available. Available metrics are: loss,accuracy
2024-03-02 15:36:34,469 - tensorflow - WARNING - Early stopping conditioned on metric `val_loss` which is not available. Available metrics are: loss,accuracy
2024-03-02 15:36:45,194 - tensorflow - WARNING - Early stopping conditioned on metric `val_loss` which is not available. Available metrics are: loss,accuracy
2024-03-02 15:36:55,993 - tensorflow - WARNING - Early stopping conditioned on metric `val_loss` which is not available. Available metrics are: loss,accuracy
2024-03-02 15:37:06,876 - tensorflow - WARNING - Early stopping conditioned on metric `val_loss` which is not available. Available metrics are: loss,accuracy
2024-03-02 15:37:17,594 - tensorflow - WARNING - Early stopping conditioned on metric `val_loss` which is not available. Available metrics are: loss,accuracy
2024-03-02 15:37:28,336 - tensorflow - WARNING - Early stopping conditioned on metric `val_loss` which is not available. Available metrics are: loss,accuracy
2024-03-02 15:37:39,144 - tensorflow - WARNING - Early stopping conditioned on metric `val_loss` which is not available. Available metrics are: loss,accuracy
2024-03-02 15:37:54,513 - tensorflow - WARNING - Early stopping conditioned on metric `val_loss` which is not available. Available metrics are: loss,accuracy
2024-03-02 15:38:05,877 - tensorflow - WARNING - Early stopping conditioned on metric `val_loss` which is not available. Available metrics are: loss,accuracy
2024-03-02 15:38:17,405 - tensorflow - WARNING - Early stopping conditioned on metric `val_loss` which is not available. Available metrics are: loss,accuracy
2024-03-02 15:38:30,191 - tensorflow - WARNING - Early stopping conditioned on metric `val_loss` which is not available. Available metrics are: loss,accuracy
2024-03-02 15:38:44,176 - tensorflow - WARNING - Early stopping conditioned on metric `val_loss` which is not available. Available metrics are: loss,accuracy
2024-03-02 15:38:58,025 - tensorflow - WARNING - Early stopping conditioned on metric `val_loss` which is not available. Available metrics are: loss,accuracy
2024-03-02 15:39:11,875 - tensorflow - WARNING - Early stopping conditioned on metric `val_loss` which is not available. Available metrics are: loss,accuracy
2024-03-02 15:39:25,481 - tensorflow - WARNING - Early stopping conditioned on metric `val_loss` which is not available. Available metrics are: loss,accuracy
2024-03-02 15:39:39,194 - tensorflow - WARNING - Early stopping conditioned on metric `val_loss` which is not available. Available metrics are: loss,accuracy
2024-03-02 15:39:51,633 - tensorflow - WARNING - Early stopping conditioned on metric `val_loss` which is not available. Available metrics are: loss,accuracy
